<?xml version="1.0" encoding="UTF-8" ?>
<testsuite errors="0" failures="0" hostname="sahkolammitin" name="lcplos.dataStructures.NodeLibraryTest" skipped="0" tests="2" time="0.147" timestamp="2015-10-30T17:01:47">
  <properties>
[...]
</properties>
  <testcase classname="lcplos.dataStructures.NodeLibraryTest" name="testGetNodes" time="0.003" />
  <testcase classname="lcplos.dataStructures.NodeLibraryTest" name="testGetPolygons" time="0.0" />
  <system-out><![CDATA[]]></system-out>
  <system-err><![CDATA[]]></system-err>
</testsuite>
