<?xml version="1.0" encoding="UTF-8" ?>
<testsuite errors="0" failures="0" hostname="da5-cs-bk107-09" name="lcplos.dataStructures.CoordinatesTest" skipped="0" tests="4" time="0.057" timestamp="2015-10-30T14:19:20">
  <properties>
[...]
</properties>
  <testcase classname="lcplos.dataStructures.CoordinatesTest" name="testEquals" time="0.002" />
  <testcase classname="lcplos.dataStructures.CoordinatesTest" name="testHashCode" time="0.0" />
  <testcase classname="lcplos.dataStructures.CoordinatesTest" name="testGetY" time="0.0" />
  <testcase classname="lcplos.dataStructures.CoordinatesTest" name="testGetX" time="0.0" />
  <system-out><![CDATA[]]></system-out>
  <system-err><![CDATA[]]></system-err>
</testsuite>
