# JRE version: OpenJDK Runtime Environment (7.0_79-b14) (build 1.7.0_79-b14)
# Java VM: OpenJDK 64-Bit Server VM (24.79-b02 mixed mode linux-amd64 compressed oops)
Heap
 PSYoungGen      total 600064K, used 0K [0x00000007d5500000, 0x0000000800000000, 0x0000000800000000)
  eden space 509440K, 0% used [0x00000007d5500000,0x00000007d5500000,0x00000007f4680000)
  from space 90624K, 0% used [0x00000007f4680000,0x00000007f4680000,0x00000007f9f00000)
  to   space 99328K, 0% used [0x00000007f9f00000,0x00000007f9f00000,0x0000000800000000)
 ParOldGen       total 697344K, used 688604K [0x0000000780000000, 0x00000007aa900000, 0x00000007d5500000)
  object space 697344K, 98% used [0x0000000780000000,0x00000007aa077198,0x00000007aa900000)
 PSPermGen       total 21504K, used 4464K [0x0000000775a00000, 0x0000000776f00000, 0x0000000780000000)
  object space 21504K, 20% used [0x0000000775a00000,0x0000000775e5c390,0x0000000776f00000)
GC Heap History (10 events):
Event: 207,915 GC heap after
Heap after GC invocations=114 (full 5):
 PSYoungGen      total 583680K, used 28832K [0x00000007d5500000, 0x00000007ff680000, 0x0000000800000000)
  eden space 483840K, 0% used [0x00000007d5500000,0x00000007d5500000,0x00000007f2d80000)
  from space 99840K, 28% used [0x00000007f2d80000,0x00000007f49a8000,0x00000007f8f00000)
  to   space 96768K, 0% used [0x00000007f9800000,0x00000007f9800000,0x00000007ff680000)
 ParOldGen       total 506368K, used 413405K [0x0000000780000000, 0x000000079ee80000, 0x00000007d5500000)
  object space 506368K, 81% used [0x0000000780000000,0x00000007993b7440,0x000000079ee80000)
 PSPermGen       total 21504K, used 4449K [0x0000000775a00000, 0x0000000776f00000, 0x0000000780000000)
  object space 21504K, 20% used [0x0000000775a00000,0x0000000775e58708,0x0000000776f00000)
}
Event: 209,066 GC heap before
{Heap before GC invocations=115 (full 5):
 PSYoungGen      total 583680K, used 512672K [0x00000007d5500000, 0x00000007ff680000, 0x0000000800000000)
  eden space 483840K, 100% used [0x00000007d5500000,0x00000007f2d80000,0x00000007f2d80000)
  from space 99840K, 28% used [0x00000007f2d80000,0x00000007f49a8000,0x00000007f8f00000)
  to   space 96768K, 0% used [0x00000007f9800000,0x00000007f9800000,0x00000007ff680000)
 ParOldGen       total 506368K, used 413405K [0x0000000780000000, 0x000000079ee80000, 0x00000007d5500000)
  object space 506368K, 81% used [0x0000000780000000,0x00000007993b7440,0x000000079ee80000)
 PSPermGen       total 21504K, used 4450K [0x0000000775a00000, 0x0000000776f00000, 0x0000000780000000)
  object space 21504K, 20% used [0x0000000775a00000,0x0000000775e58898,0x0000000776f00000)
Event: 209,177 GC heap after
Heap after GC invocations=115 (full 5):
 PSYoungGen      total 594944K, used 24832K [0x00000007d5500000, 0x00000007ff900000, 0x0000000800000000)
  eden space 498176K, 0% used [0x00000007d5500000,0x00000007d5500000,0x00000007f3b80000)
  from space 96768K, 25% used [0x00000007f9800000,0x00000007fb040000,0x00000007ff680000)
  to   space 94720K, 0% used [0x00000007f3b80000,0x00000007f3b80000,0x00000007f9800000)
 ParOldGen       total 506368K, used 421973K [0x0000000780000000, 0x000000079ee80000, 0x00000007d5500000)
  object space 506368K, 83% used [0x0000000780000000,0x0000000799c15440,0x000000079ee80000)
 PSPermGen       total 21504K, used 4450K [0x0000000775a00000, 0x0000000776f00000, 0x0000000780000000)
  object space 21504K, 20% used [0x0000000775a00000,0x0000000775e58898,0x0000000776f00000)
}
Event: 210,845 GC heap before
{Heap before GC invocations=116 (full 5):
 PSYoungGen      total 594944K, used 523008K [0x00000007d5500000, 0x00000007ff900000, 0x0000000800000000)
  eden space 498176K, 100% used [0x00000007d5500000,0x00000007f3b80000,0x00000007f3b80000)
  from space 96768K, 25% used [0x00000007f9800000,0x00000007fb040000,0x00000007ff680000)
  to   space 94720K, 0% used [0x00000007f3b80000,0x00000007f3b80000,0x00000007f9800000)
 ParOldGen       total 506368K, used 421973K [0x0000000780000000, 0x000000079ee80000, 0x00000007d5500000)
  object space 506368K, 83% used [0x0000000780000000,0x0000000799c15440,0x000000079ee80000)
 PSPermGen       total 21504K, used 4450K [0x0000000775a00000, 0x0000000776f00000, 0x0000000780000000)
  object space 21504K, 20% used [0x0000000775a00000,0x0000000775e58950,0x0000000776f00000)
Event: 211,053 GC heap after
Heap after GC invocations=116 (full 5):
 PSYoungGen      total 592896K, used 22368K [0x00000007d5500000, 0x00000007ff900000, 0x0000000800000000)
  eden space 498176K, 0% used [0x00000007d5500000,0x00000007d5500000,0x00000007f3b80000)
  from space 94720K, 23% used [0x00000007f3b80000,0x00000007f5158000,0x00000007f9800000)
  to   space 92160K, 0% used [0x00000007f9f00000,0x00000007f9f00000,0x00000007ff900000)
 ParOldGen       total 506368K, used 429765K [0x0000000780000000, 0x000000079ee80000, 0x00000007d5500000)
  object space 506368K, 84% used [0x0000000780000000,0x000000079a3b1440,0x000000079ee80000)
 PSPermGen       total 21504K, used 4450K [0x0000000775a00000, 0x0000000776f00000, 0x0000000780000000)
  object space 21504K, 20% used [0x0000000775a00000,0x0000000775e58950,0x0000000776f00000)
}
Event: 212,305 GC heap before
{Heap before GC invocations=117 (full 5):
 PSYoungGen      total 592896K, used 520544K [0x00000007d5500000, 0x00000007ff900000, 0x0000000800000000)
  eden space 498176K, 100% used [0x00000007d5500000,0x00000007f3b80000,0x00000007f3b80000)
  from space 94720K, 23% used [0x00000007f3b80000,0x00000007f5158000,0x00000007f9800000)
  to   space 92160K, 0% used [0x00000007f9f00000,0x00000007f9f00000,0x00000007ff900000)
 ParOldGen       total 506368K, used 429765K [0x0000000780000000, 0x000000079ee80000, 0x00000007d5500000)
  object space 506368K, 84% used [0x0000000780000000,0x000000079a3b1440,0x000000079ee80000)
 PSPermGen       total 21504K, used 4450K [0x0000000775a00000, 0x0000000776f00000, 0x0000000780000000)
  object space 21504K, 20% used [0x0000000775a00000,0x0000000775e58950,0x0000000776f00000)
Event: 212,420 GC heap after
Heap after GC invocations=117 (full 5):
 PSYoungGen      total 601600K, used 19968K [0x00000007d5500000, 0x00000007ffa80000, 0x0000000800000000)
  eden space 509440K, 0% used [0x00000007d5500000,0x00000007d5500000,0x00000007f4680000)
  from space 92160K, 21% used [0x00000007f9f00000,0x00000007fb280000,0x00000007ff900000)
  to   space 90624K, 0% used [0x00000007f4680000,0x00000007f4680000,0x00000007f9f00000)
 ParOldGen       total 506368K, used 437909K [0x0000000780000000, 0x000000079ee80000, 0x00000007d5500000)
  object space 506368K, 86% used [0x0000000780000000,0x000000079aba5440,0x000000079ee80000)
 PSPermGen       total 21504K, used 4450K [0x0000000775a00000, 0x0000000776f00000, 0x0000000780000000)
  object space 21504K, 20% used [0x0000000775a00000,0x0000000775e58950,0x0000000776f00000)
}
Event: 221,695 GC heap before
{Heap before GC invocations=118 (full 5):
 PSYoungGen      total 601600K, used 529408K [0x00000007d5500000, 0x00000007ffa80000, 0x0000000800000000)
  eden space 509440K, 100% used [0x00000007d5500000,0x00000007f4680000,0x00000007f4680000)
  from space 92160K, 21% used [0x00000007f9f00000,0x00000007fb280000,0x00000007ff900000)
  to   space 90624K, 0% used [0x00000007f4680000,0x00000007f4680000,0x00000007f9f00000)
 ParOldGen       total 506368K, used 437909K [0x0000000780000000, 0x000000079ee80000, 0x00000007d5500000)
  object space 506368K, 86% used [0x0000000780000000,0x000000079aba5440,0x000000079ee80000)
 PSPermGen       total 21504K, used 4464K [0x0000000775a00000, 0x0000000776f00000, 0x0000000780000000)
  object space 21504K, 20% used [0x0000000775a00000,0x0000000775e5c390,0x0000000776f00000)
Event: 227,028 GC heap after
Heap after GC invocations=118 (full 5):
 PSYoungGen      total 600064K, used 90622K [0x00000007d5500000, 0x0000000800000000, 0x0000000800000000)
  eden space 509440K, 0% used [0x00000007d5500000,0x00000007d5500000,0x00000007f4680000)
  from space 90624K, 99% used [0x00000007f4680000,0x00000007f9eff8f8,0x00000007f9f00000)
  to   space 99328K, 0% used [0x00000007f9f00000,0x00000007f9f00000,0x0000000800000000)
 ParOldGen       total 697344K, used 697333K [0x0000000780000000, 0x00000007aa900000, 0x00000007d5500000)
  object space 697344K, 99% used [0x0000000780000000,0x00000007aa8fd440,0x00000007aa900000)
 PSPermGen       total 21504K, used 4464K [0x0000000775a00000, 0x0000000776f00000, 0x0000000780000000)
  object space 21504K, 20% used [0x0000000775a00000,0x0000000775e5c390,0x0000000776f00000)
}
Event: 227,690 GC heap before
{Heap before GC invocations=119 (full 6):
 PSYoungGen      total 600064K, used 90622K [0x00000007d5500000, 0x0000000800000000, 0x0000000800000000)
  eden space 509440K, 0% used [0x00000007d5500000,0x00000007d5500000,0x00000007f4680000)
  from space 90624K, 99% used [0x00000007f4680000,0x00000007f9eff8f8,0x00000007f9f00000)
  to   space 99328K, 0% used [0x00000007f9f00000,0x00000007f9f00000,0x0000000800000000)
 ParOldGen       total 697344K, used 697333K [0x0000000780000000, 0x00000007aa900000, 0x00000007d5500000)
  object space 697344K, 99% used [0x0000000780000000,0x00000007aa8fd440,0x00000007aa900000)
 PSPermGen       total 21504K, used 4464K [0x0000000775a00000, 0x0000000776f00000, 0x0000000780000000)
  object space 21504K, 20% used [0x0000000775a00000,0x0000000775e5c390,0x0000000776f00000)

